<?xml version="1.0" encoding="utf-8"?><testsuites><testsuite name="pytest" errors="0" failures="0" skipped="0" tests="12" time="1.188" timestamp="2025-10-05T22:32:40.949376-06:00" hostname="MacBook-Air-de-Luis-40.local"><testcase classname="tests.test_app" name="test_health" time="0.012" /><testcase classname="tests.test_app" name="test_config_contains_score_mapping" time="0.002" /><testcase classname="tests.test_app" name="test_transaction_in_review_path" time="0.012" /><testcase classname="tests.test_app" name="test_transaction_hard_block_rejection" time="0.002" /><testcase classname="tests.test_import_engine" name="test_import_engine_basic" time="0.000" /><testcase classname="tests.test_import_engine" name="test_env_overrides_cover_try_block" time="0.001" /><testcase classname="tests.test_import_engine" name="test_is_night_true_and_false" time="0.000" /><testcase classname="tests.test_import_engine" name="test_high_amount_default_and_specific" time="0.000" /><testcase classname="tests.test_import_engine" name="test_assess_row_hard_block_returns_early" time="0.001" /><testcase classname="tests.test_import_engine" name="test_assess_row_paths_review_reject_and_buffer" time="0.001" /><testcase classname="tests.test_import_engine" name="test_run_writes_csv_and_returns_df" time="0.014" /><testcase classname="tests.test_import_engine" name="test_main_covers_argparse_and___main__" time="0.007" /></testsuite></testsuites>